<?xml version="1.0" encoding="UTF-8"?>
<!-- Generated by org.testng.reporters.JUnitReportReporter -->
<testsuite hostname="MyPC" failures="0" tests="1" name="com.teachily.tests.ResourcesTest" time="16.607" errors="0" timestamp="2025-08-06T15:04:15 IST" skipped="0">
  <testcase classname="com.teachily.tests.ResourcesTest" name="testResourcesDeatiledPage" time="16.607"/>
  <system-out/>
</testsuite> <!-- com.teachily.tests.ResourcesTest -->
