<?xml version="1.0" encoding="UTF-8"?>
<!-- Generated by org.testng.reporters.JUnitReportReporter -->
<testsuite hostname="MyPC" failures="0" tests="1" name="com.teachily.tests.AboutUsTest" time="0.606" errors="0" timestamp="2025-08-06T15:36:47 IST" skipped="0">
  <testcase classname="com.teachily.tests.AboutUsTest" name="checkAboutUsPage" time="0.606"/>
  <system-out/>
</testsuite> <!-- com.teachily.tests.AboutUsTest -->
