<?xml version="1.0" encoding="UTF-8"?>
<!-- Generated by org.testng.reporters.JUnitReportReporter -->
<testsuite hostname="MyPC" failures="0" tests="1" name="com.teachily.tests.LoginTest" time="1.841" errors="0" timestamp="2025-08-06T15:03:38 IST" skipped="0">
  <testcase classname="com.teachily.tests.LoginTest" name="loginAsAdmin" time="1.841"/>
  <system-out/>
</testsuite> <!-- com.teachily.tests.LoginTest -->
