<?xml version="1.0" encoding="UTF-8"?>
<!-- Generated by org.testng.reporters.JUnitReportReporter -->
<testsuite hostname="MyPC" failures="0" tests="1" name="com.teachily.tests.FeedbackTest" time="6.091" errors="0" timestamp="2025-08-06T19:41:00 IST" skipped="0">
  <testcase classname="com.teachily.tests.FeedbackTest" name="sendAFeedback" time="6.091"/>
  <system-out/>
</testsuite> <!-- com.teachily.tests.FeedbackTest -->
