<?xml version="1.0" encoding="UTF-8"?>
<!-- Generated by org.testng.reporters.JUnitReportReporter -->
<testsuite hostname="MyPC" failures="0" tests="1" name="com.teachily.SchoolAdminTests.TeachersTest" time="8.229" errors="0" timestamp="2025-08-08T14:03:52 IST" skipped="0">
  <testcase classname="com.teachily.SchoolAdminTests.TeachersTest" name="addANewTeacher" time="8.229"/>
  <system-out/>
</testsuite> <!-- com.teachily.SchoolAdminTests.TeachersTest -->
