<?xml version="1.0" encoding="UTF-8"?>
<!-- Generated by org.testng.reporters.JUnitReportReporter -->
<testsuite hostname="MyPC" failures="0" tests="1" name="com.teachily.SchoolAdminTests.SchoolInfoTest" time="6.576" errors="0" timestamp="2025-08-07T19:49:18 IST" skipped="0">
  <testcase classname="com.teachily.SchoolAdminTests.SchoolInfoTest" name="updateSchoolInformation" time="6.576"/>
  <system-out/>
</testsuite> <!-- com.teachily.SchoolAdminTests.SchoolInfoTest -->
