<?xml version="1.0" encoding="UTF-8"?>
<!-- Generated by org.testng.reporters.JUnitReportReporter -->
<testsuite hostname="MyPC" failures="0" tests="1" name="com.teachily.tests.PricingPageTest" time="2.278" errors="0" timestamp="2025-08-06T16:01:26 IST" skipped="0">
  <testcase classname="com.teachily.tests.PricingPageTest" name="testPricingPage" time="2.278"/>
  <system-out/>
</testsuite> <!-- com.teachily.tests.PricingPageTest -->
