<?xml version="1.0" encoding="UTF-8"?>
<!-- Generated by org.testng.reporters.JUnitReportReporter -->
<testsuite hostname="MyPC" failures="0" tests="1" name="com.teachily.SchoolAdminTests.ProfileTest" time="4.176" errors="0" timestamp="2025-08-07T19:19:05 IST" skipped="0">
  <testcase classname="com.teachily.SchoolAdminTests.ProfileTest" name="testProfilePage" time="4.176"/>
  <system-out/>
</testsuite> <!-- com.teachily.SchoolAdminTests.ProfileTest -->
