<?xml version="1.0" encoding="UTF-8"?>
<!-- Generated by org.testng.reporters.JUnitReportReporter -->
<testsuite hostname="MyPC" failures="0" tests="1" name="com.teachily.SchoolAdminTests.StudentsTest" time="11.475" errors="0" timestamp="2025-08-08T14:21:17 IST" skipped="0">
  <testcase classname="com.teachily.SchoolAdminTests.StudentsTest" name="addANewStudent" time="11.475"/>
  <system-out/>
</testsuite> <!-- com.teachily.SchoolAdminTests.StudentsTest -->
