<?xml version="1.0" encoding="UTF-8"?>
<!-- Generated by org.testng.reporters.JUnitReportReporter -->
<testsuite hostname="MyPC" failures="0" tests="1" name="com.teachily.SchoolAdminTests.LoginTest" time="2.175" errors="0" timestamp="2025-08-07T18:59:16 IST" skipped="0">
  <testcase classname="com.teachily.SchoolAdminTests.LoginTest" name="loginAsAdmin" time="2.175"/>
  <system-out/>
</testsuite> <!-- com.teachily.SchoolAdminTests.LoginTest -->
